-------------------------------------------------------------------------------
Test set: cucumber.Options.TestRunner
-------------------------------------------------------------------------------
Tests run: 5, Failures: 1, Errors: 0, Skipped: 0, Time elapsed: 9.81 sec <<< FAILURE!
Get pet by ID(Pet Store Api regression)  Time elapsed: 1.176 sec  <<< FAILURE!
org.junit.ComparisonFailure: expected:<Doggy1[]> but was:<Doggy1[0]>
	at org.junit.Assert.assertEquals(Assert.java:117)
	at org.junit.Assert.assertEquals(Assert.java:146)
	at stepDefinitions.PetStepDefinition.the_response_should_contain_pet_details(PetStepDefinition.java:108)
	at ?.the response should contain pet details(file:///D:/Workspace2/APIFrameworkCBA/src/test/java/features/PetStore.feature:22)

