-------------------------------------------------------------------------------
Test set: cucumber.Options.TestRunner
-------------------------------------------------------------------------------
Tests run: 5, Failures: 1, Errors: 0, Skipped: 0, Time elapsed: 14.027 sec <<< FAILURE!
Delete pet by ID(Pet Store Api regression)  Time elapsed: 1.465 sec  <<< FAILURE!
java.lang.AssertionError: expected:<200> but was:<404>
	at org.junit.Assert.fail(Assert.java:89)
	at org.junit.Assert.failNotEquals(Assert.java:835)
	at org.junit.Assert.assertEquals(Assert.java:647)
	at org.junit.Assert.assertEquals(Assert.java:633)
	at stepDefinitions.PetStepDefinition.the_pet_should_be_deleted_with_response_code(PetStepDefinition.java:143)
	at ?.the pet should be deleted with response code 200(file:///D:/Workspace2/APIFrameworkCBA/src/test/java/features/PetStore.feature:54)

