<?xml version="1.0" encoding="UTF-8" ?>
<testsuite tests="5" failures="1" name="cucumber.Options.TestRunner" time="8.911" errors="0" skipped="0">
  <properties>
[...]
</properties>
  <testcase classname="Pet Store Api regression" name="Add a new pet" time="4.059"/>
  <testcase classname="Pet Store Api regression" name="Get pet by ID" time="1.176">
    <failure message="expected:&lt;Doggy1[]&gt; but was:&lt;Doggy1[0]&gt;" type="org.junit.ComparisonFailure">org.junit.ComparisonFailure: expected:&lt;Doggy1[]&gt; but was:&lt;Doggy1[0]&gt;
	at org.junit.Assert.assertEquals(Assert.java:117)
	at org.junit.Assert.assertEquals(Assert.java:146)
	at stepDefinitions.PetStepDefinition.the_response_should_contain_pet_details(PetStepDefinition.java:108)
	at ✽.the response should contain pet details(file:///D:/Workspace2/APIFrameworkCBA/src/test/java/features/PetStore.feature:22)
</failure>
    <system-out>The resource to the post requuest is : /v2/pet
Request method:	GET
Request URI:	https://petstore.swagger.io/v2/pet/10010
Proxy:			&lt;none&gt;
Request params:	&lt;none&gt;
Query params:	&lt;none&gt;
Form params:	&lt;none&gt;
Path params:	petId=10010
Headers:		Accept=*/*
Cookies:		&lt;none&gt;
Multiparts:		&lt;none&gt;
Body:			&lt;none&gt;
{&quot;id&quot;:10010,&quot;category&quot;:{&quot;id&quot;:100,&quot;name&quot;:&quot;Large&quot;},&quot;name&quot;:&quot;Doggy10&quot;,&quot;photoUrls&quot;:[&quot;www.doggyphoto10.com&quot;],&quot;tags&quot;:[{&quot;id&quot;:10,&quot;name&quot;:&quot;tag10&quot;}],&quot;status&quot;:&quot;Available&quot;}
</system-out>
  </testcase>
  <testcase classname="Pet Store Api regression" name="Update pet information" time="1.086"/>
  <testcase classname="Pet Store Api regression" name="Update pet information with Image" time="1.501"/>
  <testcase classname="Pet Store Api regression" name="Delete pet by ID" time="1.089"/>
</testsuite>